{"level":"info","message":"Servidor rodando em http://localhost:3000"}
{"level":"error","message":"Erro ao processar block_03dca175856ff79a1eb5d3b368b6840af29c38c36bf3291d07573ddcdf59110523_15642fdc63c995273854aaaf9275618f94d9b00bb1ec7257acdd787b11369167.json: JSON inv치lido."}
{"level":"error","message":"Erro ao processar block_03dca175856ff79a1eb5d3b368b6840af29c38c36bf3291d07573ddcdf59110523_15642fdc63c995273854aaaf9275618f94d9b00bb1ec7257acdd787b11369167.json: JSON inv치lido."}
{"level":"error","message":"Erro ao processar block_03dca175856ff79a1eb5d3b368b6840af29c38c36bf3291d07573ddcdf59110523_15642fdc63c995273854aaaf9275618f94d9b00bb1ec7257acdd787b11369167.json: JSON inv치lido."}
{"level":"error","message":"Erro ao processar block_03dca175856ff79a1eb5d3b368b6840af29c38c36bf3291d07573ddcdf59110523_15642fdc63c995273854aaaf9275618f94d9b00bb1ec7257acdd787b11369167.json: JSON inv치lido."}
{"level":"error","message":"Erro ao processar block_03dca175856ff79a1eb5d3b368b6840af29c38c36bf3291d07573ddcdf59110523_15642fdc63c995273854aaaf9275618f94d9b00bb1ec7257acdd787b11369167.json: JSON inv치lido."}
{"level":"error","message":"Erro ao processar block_03dca175856ff79a1eb5d3b368b6840af29c38c36bf3291d07573ddcdf59110523_15642fdc63c995273854aaaf9275618f94d9b00bb1ec7257acdd787b11369167.json: JSON inv치lido."}
{"level":"error","message":"Erro ao processar block_03dca175856ff79a1eb5d3b368b6840af29c38c36bf3291d07573ddcdf59110523_15642fdc63c995273854aaaf9275618f94d9b00bb1ec7257acdd787b11369167.json: JSON inv치lido."}
{"level":"error","message":"Erro ao processar block_03dca175856ff79a1eb5d3b368b6840af29c38c36bf3291d07573ddcdf59110523_15642fdc63c995273854aaaf9275618f94d9b00bb1ec7257acdd787b11369167.json: JSON inv치lido."}
{"level":"error","message":"Erro ao processar block_03dca175856ff79a1eb5d3b368b6840af29c38c36bf3291d07573ddcdf59110523_15642fdc63c995273854aaaf9275618f94d9b00bb1ec7257acdd787b11369167.json: JSON inv치lido."}
{"level":"error","message":"Erro ao processar block_03dca175856ff79a1eb5d3b368b6840af29c38c36bf3291d07573ddcdf59110523_15642fdc63c995273854aaaf9275618f94d9b00bb1ec7257acdd787b11369167.json: JSON inv치lido."}
{"level":"error","message":"Erro ao processar block_03dca175856ff79a1eb5d3b368b6840af29c38c36bf3291d07573ddcdf59110523_15642fdc63c995273854aaaf9275618f94d9b00bb1ec7257acdd787b11369167.json: JSON inv치lido."}
{"level":"error","message":"Erro ao processar block_03dca175856ff79a1eb5d3b368b6840af29c38c36bf3291d07573ddcdf59110523_15642fdc63c995273854aaaf9275618f94d9b00bb1ec7257acdd787b11369167.json: JSON inv치lido."}
{"level":"error","message":"Erro ao processar block_03dca175856ff79a1eb5d3b368b6840af29c38c36bf3291d07573ddcdf59110523_15642fdc63c995273854aaaf9275618f94d9b00bb1ec7257acdd787b11369167.json: JSON inv치lido."}
{"level":"error","message":"Erro ao processar block_03dca175856ff79a1eb5d3b368b6840af29c38c36bf3291d07573ddcdf59110523_15642fdc63c995273854aaaf9275618f94d9b00bb1ec7257acdd787b11369167.json: JSON inv치lido."}
{"level":"info","message":{"connections":1,"cpu":[0,0,0],"memory":{"heapTotal":17805312,"heapUsed":16076936,"rss":55750656},"type":"metrics"}}
{"level":"error","message":"Erro ao processar block_03dca175856ff79a1eb5d3b368b6840af29c38c36bf3291d07573ddcdf59110523_15642fdc63c995273854aaaf9275618f94d9b00bb1ec7257acdd787b11369167.json: JSON inv치lido."}
{"level":"error","message":"Erro ao processar block_03dca175856ff79a1eb5d3b368b6840af29c38c36bf3291d07573ddcdf59110523_15642fdc63c995273854aaaf9275618f94d9b00bb1ec7257acdd787b11369167.json: JSON inv치lido."}
{"level":"error","message":"Erro ao processar block_03dca175856ff79a1eb5d3b368b6840af29c38c36bf3291d07573ddcdf59110523_15642fdc63c995273854aaaf9275618f94d9b00bb1ec7257acdd787b11369167.json: JSON inv치lido."}
{"level":"error","message":"Erro ao processar block_03dca175856ff79a1eb5d3b368b6840af29c38c36bf3291d07573ddcdf59110523_15642fdc63c995273854aaaf9275618f94d9b00bb1ec7257acdd787b11369167.json: JSON inv치lido."}
{"level":"error","message":"Erro ao processar block_03dca175856ff79a1eb5d3b368b6840af29c38c36bf3291d07573ddcdf59110523_15642fdc63c995273854aaaf9275618f94d9b00bb1ec7257acdd787b11369167.json: JSON inv치lido."}
{"level":"error","message":"Erro ao processar block_03dca175856ff79a1eb5d3b368b6840af29c38c36bf3291d07573ddcdf59110523_15642fdc63c995273854aaaf9275618f94d9b00bb1ec7257acdd787b11369167.json: JSON inv치lido."}
{"level":"error","message":"Erro ao processar block_03dca175856ff79a1eb5d3b368b6840af29c38c36bf3291d07573ddcdf59110523_15642fdc63c995273854aaaf9275618f94d9b00bb1ec7257acdd787b11369167.json: JSON inv치lido."}
{"level":"info","message":{"connections":1,"cpu":[0,0,0],"memory":{"heapTotal":18853888,"heapUsed":15636032,"rss":56590336},"type":"metrics"}}
{"level":"info","message":{"connections":1,"cpu":[0,0,0],"memory":{"heapTotal":18853888,"heapUsed":15656208,"rss":56602624},"type":"metrics"}}
{"level":"error","message":"Erro ao processar block_03dca175856ff79a1eb5d3b368b6840af29c38c36bf3291d07573ddcdf59110523_15642fdc63c995273854aaaf9275618f94d9b00bb1ec7257acdd787b11369167.json: JSON inv치lido."}
{"level":"error","message":"Erro ao processar block_03dca175856ff79a1eb5d3b368b6840af29c38c36bf3291d07573ddcdf59110523_15642fdc63c995273854aaaf9275618f94d9b00bb1ec7257acdd787b11369167.json: JSON inv치lido."}
{"level":"error","message":"Erro ao processar block_03dca175856ff79a1eb5d3b368b6840af29c38c36bf3291d07573ddcdf59110523_15642fdc63c995273854aaaf9275618f94d9b00bb1ec7257acdd787b11369167.json: JSON inv치lido."}
{"level":"error","message":"Erro ao processar block_03dca175856ff79a1eb5d3b368b6840af29c38c36bf3291d07573ddcdf59110523_15642fdc63c995273854aaaf9275618f94d9b00bb1ec7257acdd787b11369167.json: JSON inv치lido."}
{"level":"error","message":"Erro ao processar block_03dca175856ff79a1eb5d3b368b6840af29c38c36bf3291d07573ddcdf59110523_15642fdc63c995273854aaaf9275618f94d9b00bb1ec7257acdd787b11369167.json: JSON inv치lido."}
{"level":"error","message":"Erro ao processar block_03dca175856ff79a1eb5d3b368b6840af29c38c36bf3291d07573ddcdf59110523_15642fdc63c995273854aaaf9275618f94d9b00bb1ec7257acdd787b11369167.json: JSON inv치lido."}
{"level":"error","message":"Erro ao processar block_03dca175856ff79a1eb5d3b368b6840af29c38c36bf3291d07573ddcdf59110523_15642fdc63c995273854aaaf9275618f94d9b00bb1ec7257acdd787b11369167.json: JSON inv치lido."}
{"level":"error","message":"Erro ao processar block_03dca175856ff79a1eb5d3b368b6840af29c38c36bf3291d07573ddcdf59110523_15642fdc63c995273854aaaf9275618f94d9b00bb1ec7257acdd787b11369167.json: JSON inv치lido."}
{"level":"error","message":"Erro ao processar block_03dca175856ff79a1eb5d3b368b6840af29c38c36bf3291d07573ddcdf59110523_15642fdc63c995273854aaaf9275618f94d9b00bb1ec7257acdd787b11369167.json: JSON inv치lido."}
{"level":"error","message":"Erro ao processar block_03dca175856ff79a1eb5d3b368b6840af29c38c36bf3291d07573ddcdf59110523_15642fdc63c995273854aaaf9275618f94d9b00bb1ec7257acdd787b11369167.json: JSON inv치lido."}
{"level":"error","message":"Erro ao processar block_03dca175856ff79a1eb5d3b368b6840af29c38c36bf3291d07573ddcdf59110523_15642fdc63c995273854aaaf9275618f94d9b00bb1ec7257acdd787b11369167.json: JSON inv치lido."}
{"level":"error","message":"Erro ao processar block_03dca175856ff79a1eb5d3b368b6840af29c38c36bf3291d07573ddcdf59110523_15642fdc63c995273854aaaf9275618f94d9b00bb1ec7257acdd787b11369167.json: JSON inv치lido."}
{"level":"error","message":"Erro ao processar block_03dca175856ff79a1eb5d3b368b6840af29c38c36bf3291d07573ddcdf59110523_15642fdc63c995273854aaaf9275618f94d9b00bb1ec7257acdd787b11369167.json: JSON inv치lido."}
{"level":"error","message":"Erro ao processar block_03dca175856ff79a1eb5d3b368b6840af29c38c36bf3291d07573ddcdf59110523_15642fdc63c995273854aaaf9275618f94d9b00bb1ec7257acdd787b11369167.json: JSON inv치lido."}
{"level":"info","message":"Bloco com filePath salvo com sucesso!"}
{"app":"mariabonita.com.br","content":"Rei do Canga칞o","created_at":1744084250,"id":"25218c2f9927fa76bafc3278358511ed88b4ab3c39d02b9600d071546366f32b","level":"info","message":"游닉 Broadcast para todos os clientes:","mode":"post","pubkey":"03dca175856ff79a1eb5d3b368b6840af29c38c36bf3291d07573ddcdf59110523","query":[["username","lanpi칚o.dev"],["site","google.com"]],"sig":"304402203e141fb283a51bd3b516d3e262e5e6a5d0141de45d6016bd7cc0041a9bd756d2022045dbfaf8a8a73c00d6cdfefb07645a99d5056003bc84e7a0953ee63a08f84c7e"}
{"level":"error","message":"Erro ao processar block_03dca175856ff79a1eb5d3b368b6840af29c38c36bf3291d07573ddcdf59110523_15642fdc63c995273854aaaf9275618f94d9b00bb1ec7257acdd787b11369167.json: JSON inv치lido."}
{"level":"error","message":"Erro ao processar block_03dca175856ff79a1eb5d3b368b6840af29c38c36bf3291d07573ddcdf59110523_15642fdc63c995273854aaaf9275618f94d9b00bb1ec7257acdd787b11369167.json: JSON inv치lido."}
{"level":"error","message":"Erro ao processar block_03dca175856ff79a1eb5d3b368b6840af29c38c36bf3291d07573ddcdf59110523_15642fdc63c995273854aaaf9275618f94d9b00bb1ec7257acdd787b11369167.json: JSON inv치lido."}
{"level":"error","message":"Erro ao processar block_03dca175856ff79a1eb5d3b368b6840af29c38c36bf3291d07573ddcdf59110523_15642fdc63c995273854aaaf9275618f94d9b00bb1ec7257acdd787b11369167.json: JSON inv치lido."}
{"level":"error","message":"Erro ao processar block_03dca175856ff79a1eb5d3b368b6840af29c38c36bf3291d07573ddcdf59110523_15642fdc63c995273854aaaf9275618f94d9b00bb1ec7257acdd787b11369167.json: JSON inv치lido."}
{"level":"error","message":"Erro ao processar block_03dca175856ff79a1eb5d3b368b6840af29c38c36bf3291d07573ddcdf59110523_15642fdc63c995273854aaaf9275618f94d9b00bb1ec7257acdd787b11369167.json: JSON inv치lido."}
{"level":"error","message":"Erro ao processar block_03dca175856ff79a1eb5d3b368b6840af29c38c36bf3291d07573ddcdf59110523_15642fdc63c995273854aaaf9275618f94d9b00bb1ec7257acdd787b11369167.json: JSON inv치lido."}
{"level":"info","message":{"connections":1,"cpu":[0,0,0],"memory":{"heapTotal":19378176,"heapUsed":16581160,"rss":58802176},"type":"metrics"}}
{"level":"info","message":{"connections":1,"cpu":[0,0,0],"memory":{"heapTotal":19378176,"heapUsed":16591696,"rss":58830848},"type":"metrics"}}
{"level":"info","message":"Bloco com filePath salvo com sucesso!"}
{"app":"mariabonita.com.br","content":"Rei do Canga칞o","created_at":1744084381,"id":"986991cb8100e08026dc6c96c736bb9d6e930d02d205e2d75c19fe2e49ba89ab","level":"info","message":"游닉 Broadcast para todos os clientes:","mode":"post","pubkey":"03dca175856ff79a1eb5d3b368b6840af29c38c36bf3291d07573ddcdf59110523","query":[["username","lanpi칚o.dev"],["site","google.com"]],"sig":"3044022007ad8e0df1654a29b5da416f01939538976fdee2b9974d6cf9925cf53ba8bcb7022042976bf1ccd299398ee012a0ea425d0d94f0e4c4bc489a844babddf925ffc58c"}
{"level":"error","message":"Erro ao processar block_03dca175856ff79a1eb5d3b368b6840af29c38c36bf3291d07573ddcdf59110523_15642fdc63c995273854aaaf9275618f94d9b00bb1ec7257acdd787b11369167.json: JSON inv치lido."}
{"level":"error","message":"Erro ao processar block_03dca175856ff79a1eb5d3b368b6840af29c38c36bf3291d07573ddcdf59110523_15642fdc63c995273854aaaf9275618f94d9b00bb1ec7257acdd787b11369167.json: JSON inv치lido."}
{"level":"error","message":"Erro ao processar block_03dca175856ff79a1eb5d3b368b6840af29c38c36bf3291d07573ddcdf59110523_15642fdc63c995273854aaaf9275618f94d9b00bb1ec7257acdd787b11369167.json: JSON inv치lido."}
{"level":"error","message":"Erro ao processar block_03dca175856ff79a1eb5d3b368b6840af29c38c36bf3291d07573ddcdf59110523_15642fdc63c995273854aaaf9275618f94d9b00bb1ec7257acdd787b11369167.json: JSON inv치lido."}
{"level":"error","message":"Erro ao processar block_03dca175856ff79a1eb5d3b368b6840af29c38c36bf3291d07573ddcdf59110523_15642fdc63c995273854aaaf9275618f94d9b00bb1ec7257acdd787b11369167.json: JSON inv치lido."}
{"level":"error","message":"Erro ao processar block_03dca175856ff79a1eb5d3b368b6840af29c38c36bf3291d07573ddcdf59110523_15642fdc63c995273854aaaf9275618f94d9b00bb1ec7257acdd787b11369167.json: JSON inv치lido."}
{"level":"error","message":"Erro ao processar block_03dca175856ff79a1eb5d3b368b6840af29c38c36bf3291d07573ddcdf59110523_15642fdc63c995273854aaaf9275618f94d9b00bb1ec7257acdd787b11369167.json: JSON inv치lido."}
{"level":"info","message":"Bloco com filePath salvo com sucesso!"}
{"app":"mariabonita.com.br","content":"Rei do Canga칞o","created_at":1744084402,"id":"5d8c1517786da0494b66f9a3c7a9d8f186edd49ecc3ac96fa1056585827fde06","level":"info","message":"游닉 Broadcast para todos os clientes:","mode":"post","pubkey":"03dca175856ff79a1eb5d3b368b6840af29c38c36bf3291d07573ddcdf59110523","query":[["username","lanpi칚o.dev"],["site","google.com"]],"sig":"3046022100ee22f72d714712bb2cc07bf7582f889702567b7e031bfb5116c113c15cb081d1022100bd2eff4be311627d0dc9019f4f0eb90758063716192407dd74d3f959d1aceebf"}
{"level":"info","message":{"connections":2,"cpu":[0,0,0],"memory":{"heapTotal":18329600,"heapUsed":16268240,"rss":59609088},"type":"metrics"}}
{"level":"info","message":"Bloco com filePath salvo com sucesso!"}
{"app":"mariabonita.com.br","content":"Rei do Canga칞o","created_at":1744084429,"id":"fc34f358b999116977136cd792caa57ecbc1e2acace8a31ae2186ca9214e42a1","level":"info","message":"游닉 Broadcast para todos os clientes:","mode":"post","pubkey":"03dca175856ff79a1eb5d3b368b6840af29c38c36bf3291d07573ddcdf59110523","query":[["username","lanpi칚o.dev2"],["site","google.com"]],"sig":"304502205e2fff475ef8cfcb11090dcf0bbfe98f910d29d3177cdc40d044084ca1b51e33022100e265642945705a7f4a32c668916080c2d414f6e823c9e793a956f9a41c554341"}
{"level":"info","message":"Bloco com filePath salvo com sucesso!"}
{"app":"mariabonita.com.br","content":"Rei do Canga칞o","created_at":1744084430,"id":"92f304f9eba8bb8602614c2fd648755df6b799c342d4a82f86c1acb1cef9dcb9","level":"info","message":"游닉 Broadcast para todos os clientes:","mode":"post","pubkey":"03dca175856ff79a1eb5d3b368b6840af29c38c36bf3291d07573ddcdf59110523","query":[["username","lanpi칚o.dev2"],["site","google.com"]],"sig":"3046022100f29d045cf7caf62aabc0db3e00a4a475ce55808b1622998c168b766b671f2741022100d88194aa61c480404194e9b5cb8e49a19c0ca9d2f68f4588790ca3b3a731e1e7"}
{"level":"error","message":"Erro ao processar block_03dca175856ff79a1eb5d3b368b6840af29c38c36bf3291d07573ddcdf59110523_15642fdc63c995273854aaaf9275618f94d9b00bb1ec7257acdd787b11369167.json: JSON inv치lido."}
{"level":"error","message":"Erro ao processar block_03dca175856ff79a1eb5d3b368b6840af29c38c36bf3291d07573ddcdf59110523_15642fdc63c995273854aaaf9275618f94d9b00bb1ec7257acdd787b11369167.json: JSON inv치lido."}
{"level":"error","message":"Erro ao processar block_03dca175856ff79a1eb5d3b368b6840af29c38c36bf3291d07573ddcdf59110523_15642fdc63c995273854aaaf9275618f94d9b00bb1ec7257acdd787b11369167.json: JSON inv치lido."}
{"level":"error","message":"Erro ao processar block_03dca175856ff79a1eb5d3b368b6840af29c38c36bf3291d07573ddcdf59110523_15642fdc63c995273854aaaf9275618f94d9b00bb1ec7257acdd787b11369167.json: JSON inv치lido."}
{"level":"error","message":"Erro ao processar block_03dca175856ff79a1eb5d3b368b6840af29c38c36bf3291d07573ddcdf59110523_15642fdc63c995273854aaaf9275618f94d9b00bb1ec7257acdd787b11369167.json: JSON inv치lido."}
{"level":"error","message":"Erro ao processar block_03dca175856ff79a1eb5d3b368b6840af29c38c36bf3291d07573ddcdf59110523_15642fdc63c995273854aaaf9275618f94d9b00bb1ec7257acdd787b11369167.json: JSON inv치lido."}
{"level":"error","message":"Erro ao processar block_03dca175856ff79a1eb5d3b368b6840af29c38c36bf3291d07573ddcdf59110523_15642fdc63c995273854aaaf9275618f94d9b00bb1ec7257acdd787b11369167.json: JSON inv치lido."}
{"level":"error","message":"Erro ao processar block_03dca175856ff79a1eb5d3b368b6840af29c38c36bf3291d07573ddcdf59110523_15642fdc63c995273854aaaf9275618f94d9b00bb1ec7257acdd787b11369167.json: JSON inv치lido."}
{"level":"error","message":"Erro ao processar block_03dca175856ff79a1eb5d3b368b6840af29c38c36bf3291d07573ddcdf59110523_15642fdc63c995273854aaaf9275618f94d9b00bb1ec7257acdd787b11369167.json: JSON inv치lido."}
{"level":"error","message":"Erro ao processar block_03dca175856ff79a1eb5d3b368b6840af29c38c36bf3291d07573ddcdf59110523_15642fdc63c995273854aaaf9275618f94d9b00bb1ec7257acdd787b11369167.json: JSON inv치lido."}
{"level":"error","message":"Erro ao processar block_03dca175856ff79a1eb5d3b368b6840af29c38c36bf3291d07573ddcdf59110523_15642fdc63c995273854aaaf9275618f94d9b00bb1ec7257acdd787b11369167.json: JSON inv치lido."}
{"level":"error","message":"Erro ao processar block_03dca175856ff79a1eb5d3b368b6840af29c38c36bf3291d07573ddcdf59110523_15642fdc63c995273854aaaf9275618f94d9b00bb1ec7257acdd787b11369167.json: JSON inv치lido."}
{"level":"error","message":"Erro ao processar block_03dca175856ff79a1eb5d3b368b6840af29c38c36bf3291d07573ddcdf59110523_15642fdc63c995273854aaaf9275618f94d9b00bb1ec7257acdd787b11369167.json: JSON inv치lido."}
{"level":"error","message":"Erro ao processar block_03dca175856ff79a1eb5d3b368b6840af29c38c36bf3291d07573ddcdf59110523_15642fdc63c995273854aaaf9275618f94d9b00bb1ec7257acdd787b11369167.json: JSON inv치lido."}
{"level":"error","message":"Erro ao processar block_03dca175856ff79a1eb5d3b368b6840af29c38c36bf3291d07573ddcdf59110523_15642fdc63c995273854aaaf9275618f94d9b00bb1ec7257acdd787b11369167.json: JSON inv치lido."}
{"level":"error","message":"Erro ao processar block_03dca175856ff79a1eb5d3b368b6840af29c38c36bf3291d07573ddcdf59110523_15642fdc63c995273854aaaf9275618f94d9b00bb1ec7257acdd787b11369167.json: JSON inv치lido."}
{"level":"error","message":"Erro ao processar block_03dca175856ff79a1eb5d3b368b6840af29c38c36bf3291d07573ddcdf59110523_15642fdc63c995273854aaaf9275618f94d9b00bb1ec7257acdd787b11369167.json: JSON inv치lido."}
{"level":"error","message":"Erro ao processar block_03dca175856ff79a1eb5d3b368b6840af29c38c36bf3291d07573ddcdf59110523_15642fdc63c995273854aaaf9275618f94d9b00bb1ec7257acdd787b11369167.json: JSON inv치lido."}
{"level":"error","message":"Erro ao processar block_03dca175856ff79a1eb5d3b368b6840af29c38c36bf3291d07573ddcdf59110523_15642fdc63c995273854aaaf9275618f94d9b00bb1ec7257acdd787b11369167.json: JSON inv치lido."}
{"level":"error","message":"Erro ao processar block_03dca175856ff79a1eb5d3b368b6840af29c38c36bf3291d07573ddcdf59110523_15642fdc63c995273854aaaf9275618f94d9b00bb1ec7257acdd787b11369167.json: JSON inv치lido."}
{"level":"error","message":"Erro ao processar block_03dca175856ff79a1eb5d3b368b6840af29c38c36bf3291d07573ddcdf59110523_15642fdc63c995273854aaaf9275618f94d9b00bb1ec7257acdd787b11369167.json: JSON inv치lido."}
{"level":"info","message":{"connections":2,"cpu":[0,0,0],"memory":{"heapTotal":18329600,"heapUsed":16497712,"rss":62255104},"type":"metrics"}}
{"level":"error","message":"Erro ao processar block_03dca175856ff79a1eb5d3b368b6840af29c38c36bf3291d07573ddcdf59110523_15642fdc63c995273854aaaf9275618f94d9b00bb1ec7257acdd787b11369167.json: JSON inv치lido."}
{"level":"error","message":"Erro ao processar block_03dca175856ff79a1eb5d3b368b6840af29c38c36bf3291d07573ddcdf59110523_15642fdc63c995273854aaaf9275618f94d9b00bb1ec7257acdd787b11369167.json: JSON inv치lido."}
{"level":"error","message":"Erro ao processar block_03dca175856ff79a1eb5d3b368b6840af29c38c36bf3291d07573ddcdf59110523_15642fdc63c995273854aaaf9275618f94d9b00bb1ec7257acdd787b11369167.json: JSON inv치lido."}
{"level":"error","message":"Erro ao processar block_03dca175856ff79a1eb5d3b368b6840af29c38c36bf3291d07573ddcdf59110523_15642fdc63c995273854aaaf9275618f94d9b00bb1ec7257acdd787b11369167.json: JSON inv치lido."}
{"level":"error","message":"Erro ao processar block_03dca175856ff79a1eb5d3b368b6840af29c38c36bf3291d07573ddcdf59110523_15642fdc63c995273854aaaf9275618f94d9b00bb1ec7257acdd787b11369167.json: JSON inv치lido."}
{"level":"error","message":"Erro ao processar block_03dca175856ff79a1eb5d3b368b6840af29c38c36bf3291d07573ddcdf59110523_15642fdc63c995273854aaaf9275618f94d9b00bb1ec7257acdd787b11369167.json: JSON inv치lido."}
{"level":"error","message":"Erro ao processar block_03dca175856ff79a1eb5d3b368b6840af29c38c36bf3291d07573ddcdf59110523_15642fdc63c995273854aaaf9275618f94d9b00bb1ec7257acdd787b11369167.json: JSON inv치lido."}
{"level":"info","message":"Bloco com filePath salvo com sucesso!"}
{"app":"mariabonita.com.br","content":"Rei do Canga칞o","created_at":1744084526,"id":"42c377d82f05da49e51efe1b0f029d6e741f89967baf85b0b05adc9b8e4ae43c","level":"info","message":"游닉 Broadcast para todos os clientes:","mode":"post","pubkey":"03dca175856ff79a1eb5d3b368b6840af29c38c36bf3291d07573ddcdf59110523","query":[["username","lanpi칚o.dev2"],["site","google.com"]],"sig":"3045022100db77b4fc94528ad67d10a83e54aa28486b6c48e3b99ce853b05e33d9066efa3402207d046d33d58f0bccc0c8fd6c4089ca369291130545f44576e2f0e4f991e0cf1c"}
{"level":"info","message":{"connections":2,"cpu":[0,0,0],"memory":{"heapTotal":19640320,"heapUsed":17196240,"rss":62767104},"type":"metrics"}}
{"level":"info","message":"Bloco com filePath salvo com sucesso!"}
{"app":"mariabonita.com.br","content":"Rei do Canga칞o","created_at":1744084546,"id":"095d20e8408d55ec93948a578a93ebc119ab76af6ec10452d6c5f717eb1a073a","level":"info","message":"游닉 Broadcast para todos os clientes:","mode":"post","pubkey":"03dca175856ff79a1eb5d3b368b6840af29c38c36bf3291d07573ddcdf59110523","query":[["username","lanpi칚o.dev2"],["site","mariabonita.com.br"]],"sig":"3046022100f94c85395632d39738eeb6c21dda87e7f3be22159a44bde764fadff625d49d81022100dd36f11390a5d1f693d0658031aa89ed41ce3ecbf84e4a977d1b013c5aa1fd23"}
{"level":"error","message":"Erro ao processar block_03dca175856ff79a1eb5d3b368b6840af29c38c36bf3291d07573ddcdf59110523_15642fdc63c995273854aaaf9275618f94d9b00bb1ec7257acdd787b11369167.json: JSON inv치lido."}
{"level":"error","message":"Erro ao processar block_03dca175856ff79a1eb5d3b368b6840af29c38c36bf3291d07573ddcdf59110523_15642fdc63c995273854aaaf9275618f94d9b00bb1ec7257acdd787b11369167.json: JSON inv치lido."}
{"level":"error","message":"Erro ao processar block_03dca175856ff79a1eb5d3b368b6840af29c38c36bf3291d07573ddcdf59110523_15642fdc63c995273854aaaf9275618f94d9b00bb1ec7257acdd787b11369167.json: JSON inv치lido."}
{"level":"error","message":"Erro ao processar block_03dca175856ff79a1eb5d3b368b6840af29c38c36bf3291d07573ddcdf59110523_15642fdc63c995273854aaaf9275618f94d9b00bb1ec7257acdd787b11369167.json: JSON inv치lido."}
{"level":"error","message":"Erro ao processar block_03dca175856ff79a1eb5d3b368b6840af29c38c36bf3291d07573ddcdf59110523_15642fdc63c995273854aaaf9275618f94d9b00bb1ec7257acdd787b11369167.json: JSON inv치lido."}
{"level":"error","message":"Erro ao processar block_03dca175856ff79a1eb5d3b368b6840af29c38c36bf3291d07573ddcdf59110523_15642fdc63c995273854aaaf9275618f94d9b00bb1ec7257acdd787b11369167.json: JSON inv치lido."}
{"level":"error","message":"Erro ao processar block_03dca175856ff79a1eb5d3b368b6840af29c38c36bf3291d07573ddcdf59110523_15642fdc63c995273854aaaf9275618f94d9b00bb1ec7257acdd787b11369167.json: JSON inv치lido."}
{"level":"info","message":"Bloco com filePath salvo com sucesso!"}
{"app":"mariabonita.com.br","content":"Rei do Canga칞o","created_at":1744084570,"id":"06f3a327961c4e0e8b41c7d39ad93d6a5158316d45fe620be49a1005fe0a1d40","level":"info","message":"游닉 Broadcast para todos os clientes:","mode":"post","pubkey":"03dca175856ff79a1eb5d3b368b6840af29c38c36bf3291d07573ddcdf59110523","query":[["username","lanpi칚o.dev2"],["site","mariabonita.com.br"]],"sig":"304402204970faab39b47fdc46ea1c46a2e4bb8356520e4680086e622ee78dbc8f03298402204d3a8218e6b96df13bffe4cafa4b35edc5afeb68a03308575dde514a12f337a2"}
{"level":"info","message":"Bloco com filePath salvo com sucesso!"}
{"app":"mariabonita.com.br","content":"Rei do Canga칞o","created_at":1744084571,"id":"a97cf338e92c0eda56965e7c076f5d9cd0983ad34d1e3f35080b61bd693cab9d","level":"info","message":"游닉 Broadcast para todos os clientes:","mode":"post","pubkey":"03dca175856ff79a1eb5d3b368b6840af29c38c36bf3291d07573ddcdf59110523","query":[["username","lanpi칚o.dev2"],["site","mariabonita.com.br"]],"sig":"3046022100dac2eca466dca9cefbde9a2ecb3893795fe427d3adebb65aec16ea6811d683f5022100935b323336fb656da7709e262b4d00556d12eff1f0c04907ea5d51aa4405e09a"}
{"level":"info","message":"Bloco com filePath salvo com sucesso!"}
{"app":"mariabonita.com.br","content":"Rei do Canga칞o","created_at":1744084571,"id":"a97cf338e92c0eda56965e7c076f5d9cd0983ad34d1e3f35080b61bd693cab9d","level":"info","message":"游닉 Broadcast para todos os clientes:","mode":"post","pubkey":"03dca175856ff79a1eb5d3b368b6840af29c38c36bf3291d07573ddcdf59110523","query":[["username","lanpi칚o.dev2"],["site","mariabonita.com.br"]],"sig":"3046022100dac2eca466dca9cefbde9a2ecb3893795fe427d3adebb65aec16ea6811d683f5022100935b323336fb656da7709e262b4d00556d12eff1f0c04907ea5d51aa4405e09a"}
{"level":"info","message":"Bloco com filePath salvo com sucesso!"}
{"app":"mariabonita.com.br","content":"Rei do Canga칞o","created_at":1744084572,"id":"f1489f95b617bc946e6a69cd4cd1e702cd7b21a02ebfa4e7adec6d3a2a778177","level":"info","message":"游닉 Broadcast para todos os clientes:","mode":"post","pubkey":"03dca175856ff79a1eb5d3b368b6840af29c38c36bf3291d07573ddcdf59110523","query":[["username","lanpi칚o.dev2"],["site","mariabonita.com.br"]],"sig":"3045022100a4b4d92aa9d75b5ee0fda1cfab372873e3e7c82b1b9efa411ef0563cc404177c022040d9da54b1fc479cbab3b9b91e71d938fb0c1ce9a16b0f15aca3017949eb597f"}
{"level":"info","message":"Bloco com filePath salvo com sucesso!"}
{"app":"mariabonita.com.br","content":"Rei do Canga칞o","created_at":1744084573,"id":"f96ef977775b578848765b11a6e9b40e19ad09b8f1fe648bad277692833d2e84","level":"info","message":"游닉 Broadcast para todos os clientes:","mode":"post","pubkey":"03dca175856ff79a1eb5d3b368b6840af29c38c36bf3291d07573ddcdf59110523","query":[["username","lanpi칚o.dev2"],["site","mariabonita.com.br"]],"sig":"3046022100ee15e8b0487042bc232910d43ba76bc43116bee3d4bd520d97ba780ca6d674cd022100d51af6f15282dfb32b417b22a6f6362c61769fced4e6902f3b69a8abff29a4ac"}
{"level":"info","message":"Bloco com filePath salvo com sucesso!"}
{"app":"mariabonita.com.br","content":"Rei do Canga칞o","created_at":1744084573,"id":"f96ef977775b578848765b11a6e9b40e19ad09b8f1fe648bad277692833d2e84","level":"info","message":"游닉 Broadcast para todos os clientes:","mode":"post","pubkey":"03dca175856ff79a1eb5d3b368b6840af29c38c36bf3291d07573ddcdf59110523","query":[["username","lanpi칚o.dev2"],["site","mariabonita.com.br"]],"sig":"3046022100ee15e8b0487042bc232910d43ba76bc43116bee3d4bd520d97ba780ca6d674cd022100d51af6f15282dfb32b417b22a6f6362c61769fced4e6902f3b69a8abff29a4ac"}
{"level":"info","message":"Bloco com filePath salvo com sucesso!"}
{"app":"mariabonita.com.br","content":"Rei do Canga칞o","created_at":1744084574,"id":"b14c9e0d1d5c24f3747bc3be989e618f38e49cf8b3883e4a2d675f2715b63f2a","level":"info","message":"游닉 Broadcast para todos os clientes:","mode":"post","pubkey":"03dca175856ff79a1eb5d3b368b6840af29c38c36bf3291d07573ddcdf59110523","query":[["username","lanpi칚o.dev2"],["site","mariabonita.com.br"]],"sig":"30440220734f165fed9d6164bf29e671300afea685295b94872143c77b91e3b6627e8d4302201bbbb2ddc2ea89acbf8f846dd9550e9fde42e14e71008797d3f85be0f16e4794"}
{"level":"info","message":"Bloco com filePath salvo com sucesso!"}
{"app":"mariabonita.com.br","content":"Rei do Canga칞o","created_at":1744084574,"id":"b14c9e0d1d5c24f3747bc3be989e618f38e49cf8b3883e4a2d675f2715b63f2a","level":"info","message":"游닉 Broadcast para todos os clientes:","mode":"post","pubkey":"03dca175856ff79a1eb5d3b368b6840af29c38c36bf3291d07573ddcdf59110523","query":[["username","lanpi칚o.dev2"],["site","mariabonita.com.br"]],"sig":"30440220734f165fed9d6164bf29e671300afea685295b94872143c77b91e3b6627e8d4302201bbbb2ddc2ea89acbf8f846dd9550e9fde42e14e71008797d3f85be0f16e4794"}
{"level":"info","message":"Bloco com filePath salvo com sucesso!"}
{"app":"mariabonita.com.br","content":"Rei do Canga칞o","created_at":1744084575,"id":"7a7bf923d6e77f2ae534c55bb663e113faf843d8fe840b497afa3962cbcefaf6","level":"info","message":"游닉 Broadcast para todos os clientes:","mode":"post","pubkey":"03dca175856ff79a1eb5d3b368b6840af29c38c36bf3291d07573ddcdf59110523","query":[["username","lanpi칚o.dev2"],["site","mariabonita.com.br"]],"sig":"3046022100cd78f9ce41441b69208f019a95a0c86a7c84411cce29e71e049bacfbe0e3d42c022100c433535cdcd49de8f886cebef03007b58f40ff85da00219cfeb2df66413d8dd2"}
{"level":"info","message":"Bloco com filePath salvo com sucesso!"}
{"app":"mariabonita.com.br","content":"Rei do Canga칞o","created_at":1744084575,"id":"7a7bf923d6e77f2ae534c55bb663e113faf843d8fe840b497afa3962cbcefaf6","level":"info","message":"游닉 Broadcast para todos os clientes:","mode":"post","pubkey":"03dca175856ff79a1eb5d3b368b6840af29c38c36bf3291d07573ddcdf59110523","query":[["username","lanpi칚o.dev2"],["site","mariabonita.com.br"]],"sig":"3046022100cd78f9ce41441b69208f019a95a0c86a7c84411cce29e71e049bacfbe0e3d42c022100c433535cdcd49de8f886cebef03007b58f40ff85da00219cfeb2df66413d8dd2"}
{"level":"error","message":"Erro ao processar block_03dca175856ff79a1eb5d3b368b6840af29c38c36bf3291d07573ddcdf59110523_15642fdc63c995273854aaaf9275618f94d9b00bb1ec7257acdd787b11369167.json: JSON inv치lido."}
{"level":"error","message":"Erro ao processar block_03dca175856ff79a1eb5d3b368b6840af29c38c36bf3291d07573ddcdf59110523_15642fdc63c995273854aaaf9275618f94d9b00bb1ec7257acdd787b11369167.json: JSON inv치lido."}
{"level":"error","message":"Erro ao processar block_03dca175856ff79a1eb5d3b368b6840af29c38c36bf3291d07573ddcdf59110523_15642fdc63c995273854aaaf9275618f94d9b00bb1ec7257acdd787b11369167.json: JSON inv치lido."}
{"level":"error","message":"Erro ao processar block_03dca175856ff79a1eb5d3b368b6840af29c38c36bf3291d07573ddcdf59110523_15642fdc63c995273854aaaf9275618f94d9b00bb1ec7257acdd787b11369167.json: JSON inv치lido."}
{"level":"error","message":"Erro ao processar block_03dca175856ff79a1eb5d3b368b6840af29c38c36bf3291d07573ddcdf59110523_15642fdc63c995273854aaaf9275618f94d9b00bb1ec7257acdd787b11369167.json: JSON inv치lido."}
{"level":"error","message":"Erro ao processar block_03dca175856ff79a1eb5d3b368b6840af29c38c36bf3291d07573ddcdf59110523_15642fdc63c995273854aaaf9275618f94d9b00bb1ec7257acdd787b11369167.json: JSON inv치lido."}
{"level":"error","message":"Erro ao processar block_03dca175856ff79a1eb5d3b368b6840af29c38c36bf3291d07573ddcdf59110523_15642fdc63c995273854aaaf9275618f94d9b00bb1ec7257acdd787b11369167.json: JSON inv치lido."}
{"level":"info","message":"Bloco com filePath salvo com sucesso!"}
{"app":"mariabonita.com.br","content":"Rei do Canga칞o","created_at":1744084579,"id":"037629f26b57b43fb6436840ecf81e98081099a23024b1c2d854d4995be20f11","level":"info","message":"游닉 Broadcast para todos os clientes:","mode":"post","pubkey":"03dca175856ff79a1eb5d3b368b6840af29c38c36bf3291d07573ddcdf59110523","query":[["username","lanpi칚o.dev2"],["site","mariabonita.com.br"]],"sig":"30440220430ece140bc379a0df8d96b132c3ff7aa528e7ac70143d6af3da5611aa7a692502206ce1ba11b9a1e8c8aa204ad471e5fa85277bd73c1d57f4cbfb6204a9aad22e28"}
{"level":"error","message":"Erro ao processar block_03dca175856ff79a1eb5d3b368b6840af29c38c36bf3291d07573ddcdf59110523_15642fdc63c995273854aaaf9275618f94d9b00bb1ec7257acdd787b11369167.json: JSON inv치lido."}
{"level":"error","message":"Erro ao processar block_03dca175856ff79a1eb5d3b368b6840af29c38c36bf3291d07573ddcdf59110523_15642fdc63c995273854aaaf9275618f94d9b00bb1ec7257acdd787b11369167.json: JSON inv치lido."}
{"level":"error","message":"Erro ao processar block_03dca175856ff79a1eb5d3b368b6840af29c38c36bf3291d07573ddcdf59110523_15642fdc63c995273854aaaf9275618f94d9b00bb1ec7257acdd787b11369167.json: JSON inv치lido."}
{"level":"error","message":"Erro ao processar block_03dca175856ff79a1eb5d3b368b6840af29c38c36bf3291d07573ddcdf59110523_15642fdc63c995273854aaaf9275618f94d9b00bb1ec7257acdd787b11369167.json: JSON inv치lido."}
{"level":"error","message":"Erro ao processar block_03dca175856ff79a1eb5d3b368b6840af29c38c36bf3291d07573ddcdf59110523_15642fdc63c995273854aaaf9275618f94d9b00bb1ec7257acdd787b11369167.json: JSON inv치lido."}
{"level":"error","message":"Erro ao processar block_03dca175856ff79a1eb5d3b368b6840af29c38c36bf3291d07573ddcdf59110523_15642fdc63c995273854aaaf9275618f94d9b00bb1ec7257acdd787b11369167.json: JSON inv치lido."}
{"level":"error","message":"Erro ao processar block_03dca175856ff79a1eb5d3b368b6840af29c38c36bf3291d07573ddcdf59110523_15642fdc63c995273854aaaf9275618f94d9b00bb1ec7257acdd787b11369167.json: JSON inv치lido."}
{"level":"info","message":"Bloco com filePath salvo com sucesso!"}
{"app":"mariabonita.com.br","content":"Rei do Canga칞o","created_at":1744084581,"id":"8676c3e0ac64499087d976bbf258e8b5abdfec29a4e6a67815d9ac88ead08361","level":"info","message":"游닉 Broadcast para todos os clientes:","mode":"post","pubkey":"03dca175856ff79a1eb5d3b368b6840af29c38c36bf3291d07573ddcdf59110523","query":[["username","lanpi칚o.dev2"],["site","mariabonita.com.br"]],"sig":"304502200bb76299e1528d16fd88e8a5dc7e827953b6273e6853d6e74fd3a9ba7707284a022100ba9bad493917d1ae57333135dd34f569c1acfb22316df4ef2052ed75b15b72eb"}
{"level":"error","message":"Erro ao processar block_03dca175856ff79a1eb5d3b368b6840af29c38c36bf3291d07573ddcdf59110523_15642fdc63c995273854aaaf9275618f94d9b00bb1ec7257acdd787b11369167.json: JSON inv치lido."}
{"level":"error","message":"Erro ao processar block_03dca175856ff79a1eb5d3b368b6840af29c38c36bf3291d07573ddcdf59110523_15642fdc63c995273854aaaf9275618f94d9b00bb1ec7257acdd787b11369167.json: JSON inv치lido."}
{"level":"error","message":"Erro ao processar block_03dca175856ff79a1eb5d3b368b6840af29c38c36bf3291d07573ddcdf59110523_15642fdc63c995273854aaaf9275618f94d9b00bb1ec7257acdd787b11369167.json: JSON inv치lido."}
{"level":"error","message":"Erro ao processar block_03dca175856ff79a1eb5d3b368b6840af29c38c36bf3291d07573ddcdf59110523_15642fdc63c995273854aaaf9275618f94d9b00bb1ec7257acdd787b11369167.json: JSON inv치lido."}
{"level":"error","message":"Erro ao processar block_03dca175856ff79a1eb5d3b368b6840af29c38c36bf3291d07573ddcdf59110523_15642fdc63c995273854aaaf9275618f94d9b00bb1ec7257acdd787b11369167.json: JSON inv치lido."}
{"level":"error","message":"Erro ao processar block_03dca175856ff79a1eb5d3b368b6840af29c38c36bf3291d07573ddcdf59110523_15642fdc63c995273854aaaf9275618f94d9b00bb1ec7257acdd787b11369167.json: JSON inv치lido."}
{"level":"error","message":"Erro ao processar block_03dca175856ff79a1eb5d3b368b6840af29c38c36bf3291d07573ddcdf59110523_15642fdc63c995273854aaaf9275618f94d9b00bb1ec7257acdd787b11369167.json: JSON inv치lido."}
{"level":"info","message":"Bloco com filePath salvo com sucesso!"}
{"app":"mariabonita.com.br","content":"Rei do Canga칞o","created_at":1744084582,"id":"9c62ca06ec3e914d6d00a2fc7932f58cc6c240c6cf0e2b04a748c84ab4649207","level":"info","message":"游닉 Broadcast para todos os clientes:","mode":"post","pubkey":"03dca175856ff79a1eb5d3b368b6840af29c38c36bf3291d07573ddcdf59110523","query":[["username","lanpi칚o.dev2"],["site","mariabonita.com.br"]],"sig":"3044022079628293b4e544f01891deb28c2f4e6402d21e07f767a0efc230a2d4bc29681602202feb1cdb9a0f5fdf205bf3d7e78a21d57cda52ab8700039eaf915d840759dd80"}
{"level":"error","message":"Erro ao processar block_03dca175856ff79a1eb5d3b368b6840af29c38c36bf3291d07573ddcdf59110523_15642fdc63c995273854aaaf9275618f94d9b00bb1ec7257acdd787b11369167.json: JSON inv치lido."}
{"level":"error","message":"Erro ao processar block_03dca175856ff79a1eb5d3b368b6840af29c38c36bf3291d07573ddcdf59110523_15642fdc63c995273854aaaf9275618f94d9b00bb1ec7257acdd787b11369167.json: JSON inv치lido."}
{"level":"error","message":"Erro ao processar block_03dca175856ff79a1eb5d3b368b6840af29c38c36bf3291d07573ddcdf59110523_15642fdc63c995273854aaaf9275618f94d9b00bb1ec7257acdd787b11369167.json: JSON inv치lido."}
{"level":"error","message":"Erro ao processar block_03dca175856ff79a1eb5d3b368b6840af29c38c36bf3291d07573ddcdf59110523_15642fdc63c995273854aaaf9275618f94d9b00bb1ec7257acdd787b11369167.json: JSON inv치lido."}
{"level":"error","message":"Erro ao processar block_03dca175856ff79a1eb5d3b368b6840af29c38c36bf3291d07573ddcdf59110523_15642fdc63c995273854aaaf9275618f94d9b00bb1ec7257acdd787b11369167.json: JSON inv치lido."}
{"level":"error","message":"Erro ao processar block_03dca175856ff79a1eb5d3b368b6840af29c38c36bf3291d07573ddcdf59110523_15642fdc63c995273854aaaf9275618f94d9b00bb1ec7257acdd787b11369167.json: JSON inv치lido."}
{"level":"error","message":"Erro ao processar block_03dca175856ff79a1eb5d3b368b6840af29c38c36bf3291d07573ddcdf59110523_15642fdc63c995273854aaaf9275618f94d9b00bb1ec7257acdd787b11369167.json: JSON inv치lido."}
{"level":"info","message":"Bloco com filePath salvo com sucesso!"}
{"app":"mariabonita.com.br","content":"Rei do Canga칞o","created_at":1744084583,"id":"a126cb1efdb816b741dd2b9ba02acd07b26e4ac6838f453272d813320ba1dc6a","level":"info","message":"游닉 Broadcast para todos os clientes:","mode":"post","pubkey":"03dca175856ff79a1eb5d3b368b6840af29c38c36bf3291d07573ddcdf59110523","query":[["username","lanpi칚o.dev2"],["site","mariabonita.com.br"]],"sig":"304502207b47de9093094762ae6f785c1093d60601b1332b5b81f48383ef18541ccad9fa02210093e728c4c9a56e53761e6fb77a697610b6ea2b954815dffade98e45e25c061e1"}
{"level":"error","message":"Erro ao processar block_03dca175856ff79a1eb5d3b368b6840af29c38c36bf3291d07573ddcdf59110523_15642fdc63c995273854aaaf9275618f94d9b00bb1ec7257acdd787b11369167.json: JSON inv치lido."}
{"level":"error","message":"Erro ao processar block_03dca175856ff79a1eb5d3b368b6840af29c38c36bf3291d07573ddcdf59110523_15642fdc63c995273854aaaf9275618f94d9b00bb1ec7257acdd787b11369167.json: JSON inv치lido."}
{"level":"error","message":"Erro ao processar block_03dca175856ff79a1eb5d3b368b6840af29c38c36bf3291d07573ddcdf59110523_15642fdc63c995273854aaaf9275618f94d9b00bb1ec7257acdd787b11369167.json: JSON inv치lido."}
{"level":"error","message":"Erro ao processar block_03dca175856ff79a1eb5d3b368b6840af29c38c36bf3291d07573ddcdf59110523_15642fdc63c995273854aaaf9275618f94d9b00bb1ec7257acdd787b11369167.json: JSON inv치lido."}
{"level":"error","message":"Erro ao processar block_03dca175856ff79a1eb5d3b368b6840af29c38c36bf3291d07573ddcdf59110523_15642fdc63c995273854aaaf9275618f94d9b00bb1ec7257acdd787b11369167.json: JSON inv치lido."}
{"level":"error","message":"Erro ao processar block_03dca175856ff79a1eb5d3b368b6840af29c38c36bf3291d07573ddcdf59110523_15642fdc63c995273854aaaf9275618f94d9b00bb1ec7257acdd787b11369167.json: JSON inv치lido."}
{"level":"error","message":"Erro ao processar block_03dca175856ff79a1eb5d3b368b6840af29c38c36bf3291d07573ddcdf59110523_15642fdc63c995273854aaaf9275618f94d9b00bb1ec7257acdd787b11369167.json: JSON inv치lido."}
{"level":"info","message":"Bloco com filePath salvo com sucesso!"}
{"app":"mariabonita.com.br","content":"Rei do Canga칞o","created_at":1744084584,"id":"76e67b172242a6edb93c072a5fd0f063a6aaa8b783a7bd3b2b4b78e2c6d8fe28","level":"info","message":"游닉 Broadcast para todos os clientes:","mode":"post","pubkey":"03dca175856ff79a1eb5d3b368b6840af29c38c36bf3291d07573ddcdf59110523","query":[["username","lanpi칚o.dev2"],["site","mariabonita.com.br"]],"sig":"304502200a01c6b18dc472de7e2a800c5557725ebe0884d030ac6148f17c2a991dbd05d5022100a2c9a9d9bbc12969fb297c426e9dbfbe120d3d6b1f1fccc5fcf7898d40469ae9"}
{"level":"error","message":"Erro ao processar block_03dca175856ff79a1eb5d3b368b6840af29c38c36bf3291d07573ddcdf59110523_15642fdc63c995273854aaaf9275618f94d9b00bb1ec7257acdd787b11369167.json: JSON inv치lido."}
{"level":"error","message":"Erro ao processar block_03dca175856ff79a1eb5d3b368b6840af29c38c36bf3291d07573ddcdf59110523_15642fdc63c995273854aaaf9275618f94d9b00bb1ec7257acdd787b11369167.json: JSON inv치lido."}
{"level":"error","message":"Erro ao processar block_03dca175856ff79a1eb5d3b368b6840af29c38c36bf3291d07573ddcdf59110523_15642fdc63c995273854aaaf9275618f94d9b00bb1ec7257acdd787b11369167.json: JSON inv치lido."}
{"level":"error","message":"Erro ao processar block_03dca175856ff79a1eb5d3b368b6840af29c38c36bf3291d07573ddcdf59110523_15642fdc63c995273854aaaf9275618f94d9b00bb1ec7257acdd787b11369167.json: JSON inv치lido."}
{"level":"error","message":"Erro ao processar block_03dca175856ff79a1eb5d3b368b6840af29c38c36bf3291d07573ddcdf59110523_15642fdc63c995273854aaaf9275618f94d9b00bb1ec7257acdd787b11369167.json: JSON inv치lido."}
{"level":"error","message":"Erro ao processar block_03dca175856ff79a1eb5d3b368b6840af29c38c36bf3291d07573ddcdf59110523_15642fdc63c995273854aaaf9275618f94d9b00bb1ec7257acdd787b11369167.json: JSON inv치lido."}
{"level":"error","message":"Erro ao processar block_03dca175856ff79a1eb5d3b368b6840af29c38c36bf3291d07573ddcdf59110523_15642fdc63c995273854aaaf9275618f94d9b00bb1ec7257acdd787b11369167.json: JSON inv치lido."}
{"level":"info","message":"Bloco com filePath salvo com sucesso!"}
{"app":"mariabonita.com.br","content":"Rei do Canga칞o","created_at":1744084586,"id":"2a539711b6f122ab7083586309485fa78fa58982670470fb90f5618c27162ba2","level":"info","message":"游닉 Broadcast para todos os clientes:","mode":"post","pubkey":"03dca175856ff79a1eb5d3b368b6840af29c38c36bf3291d07573ddcdf59110523","query":[["username","lanpi칚o.dev2"],["site","mariabonita.com.br"]],"sig":"3046022100aecad904735f4a33a685caf6a9cd08ba010883d7fdd96ec922d325c29aa623250221009e7a6101d30e3f8770ca934de92535cf19a6670fddc8e726a879c52711552122"}
{"level":"error","message":"Erro ao processar block_03dca175856ff79a1eb5d3b368b6840af29c38c36bf3291d07573ddcdf59110523_15642fdc63c995273854aaaf9275618f94d9b00bb1ec7257acdd787b11369167.json: JSON inv치lido."}
{"level":"error","message":"Erro ao processar block_03dca175856ff79a1eb5d3b368b6840af29c38c36bf3291d07573ddcdf59110523_15642fdc63c995273854aaaf9275618f94d9b00bb1ec7257acdd787b11369167.json: JSON inv치lido."}
{"level":"error","message":"Erro ao processar block_03dca175856ff79a1eb5d3b368b6840af29c38c36bf3291d07573ddcdf59110523_15642fdc63c995273854aaaf9275618f94d9b00bb1ec7257acdd787b11369167.json: JSON inv치lido."}
{"level":"error","message":"Erro ao processar block_03dca175856ff79a1eb5d3b368b6840af29c38c36bf3291d07573ddcdf59110523_15642fdc63c995273854aaaf9275618f94d9b00bb1ec7257acdd787b11369167.json: JSON inv치lido."}
{"level":"error","message":"Erro ao processar block_03dca175856ff79a1eb5d3b368b6840af29c38c36bf3291d07573ddcdf59110523_15642fdc63c995273854aaaf9275618f94d9b00bb1ec7257acdd787b11369167.json: JSON inv치lido."}
{"level":"error","message":"Erro ao processar block_03dca175856ff79a1eb5d3b368b6840af29c38c36bf3291d07573ddcdf59110523_15642fdc63c995273854aaaf9275618f94d9b00bb1ec7257acdd787b11369167.json: JSON inv치lido."}
{"level":"error","message":"Erro ao processar block_03dca175856ff79a1eb5d3b368b6840af29c38c36bf3291d07573ddcdf59110523_15642fdc63c995273854aaaf9275618f94d9b00bb1ec7257acdd787b11369167.json: JSON inv치lido."}
{"level":"info","message":{"connections":2,"cpu":[0,0,0],"memory":{"heapTotal":26718208,"heapUsed":19847328,"rss":71933952},"type":"metrics"}}
{"level":"error","message":"Erro ao processar block_03dca175856ff79a1eb5d3b368b6840af29c38c36bf3291d07573ddcdf59110523_15642fdc63c995273854aaaf9275618f94d9b00bb1ec7257acdd787b11369167.json: JSON inv치lido."}
{"level":"error","message":"Erro ao processar block_03dca175856ff79a1eb5d3b368b6840af29c38c36bf3291d07573ddcdf59110523_15642fdc63c995273854aaaf9275618f94d9b00bb1ec7257acdd787b11369167.json: JSON inv치lido."}
{"level":"error","message":"Erro ao processar block_03dca175856ff79a1eb5d3b368b6840af29c38c36bf3291d07573ddcdf59110523_15642fdc63c995273854aaaf9275618f94d9b00bb1ec7257acdd787b11369167.json: JSON inv치lido."}
{"level":"error","message":"Erro ao processar block_03dca175856ff79a1eb5d3b368b6840af29c38c36bf3291d07573ddcdf59110523_15642fdc63c995273854aaaf9275618f94d9b00bb1ec7257acdd787b11369167.json: JSON inv치lido."}
{"level":"error","message":"Erro ao processar block_03dca175856ff79a1eb5d3b368b6840af29c38c36bf3291d07573ddcdf59110523_15642fdc63c995273854aaaf9275618f94d9b00bb1ec7257acdd787b11369167.json: JSON inv치lido."}
{"level":"error","message":"Erro ao processar block_03dca175856ff79a1eb5d3b368b6840af29c38c36bf3291d07573ddcdf59110523_15642fdc63c995273854aaaf9275618f94d9b00bb1ec7257acdd787b11369167.json: JSON inv치lido."}
{"level":"error","message":"Erro ao processar block_03dca175856ff79a1eb5d3b368b6840af29c38c36bf3291d07573ddcdf59110523_15642fdc63c995273854aaaf9275618f94d9b00bb1ec7257acdd787b11369167.json: JSON inv치lido."}
{"level":"info","message":{"connections":2,"cpu":[0,0,0],"memory":{"heapTotal":19378176,"heapUsed":17798960,"rss":74158080},"type":"metrics"}}
{"level":"info","message":"Bloco com filePath salvo com sucesso!"}
{"app":"mariabonita.com.br","content":{"about":"Sou Dev JS","name":"LulaLadrao","picture":"https://i.etsystatic.com/39063034/r/il/89f3fe/5287734117/il_570xN.5287734117_5dus.jpg"},"created_at":1744084665,"id":"157d7c514459549467b9da86fa6bfce197544bb6dada7fbeda61a29d23b562e8","level":"info","message":"游닉 Broadcast para todos os clientes:","mode":"profile","pubkey":"03dca175856ff79a1eb5d3b368b6840af29c38c36bf3291d07573ddcdf59110523","query":[],"sig":"3046022100b820ee184585fd55bac058d9c00a795e11078c6a162c8c8684c9990c044409ce02210082264a258c8234de9429201579478edcfb56be70fc5f7c4fede2e5f9cee49500"}
{"level":"error","message":"Erro ao processar block_03dca175856ff79a1eb5d3b368b6840af29c38c36bf3291d07573ddcdf59110523_15642fdc63c995273854aaaf9275618f94d9b00bb1ec7257acdd787b11369167.json: JSON inv치lido."}
{"level":"error","message":"Erro ao processar block_03dca175856ff79a1eb5d3b368b6840af29c38c36bf3291d07573ddcdf59110523_15642fdc63c995273854aaaf9275618f94d9b00bb1ec7257acdd787b11369167.json: JSON inv치lido."}
{"level":"error","message":"Erro ao processar block_03dca175856ff79a1eb5d3b368b6840af29c38c36bf3291d07573ddcdf59110523_15642fdc63c995273854aaaf9275618f94d9b00bb1ec7257acdd787b11369167.json: JSON inv치lido."}
{"level":"error","message":"Erro ao processar block_03dca175856ff79a1eb5d3b368b6840af29c38c36bf3291d07573ddcdf59110523_15642fdc63c995273854aaaf9275618f94d9b00bb1ec7257acdd787b11369167.json: JSON inv치lido."}
{"level":"error","message":"Erro ao processar block_03dca175856ff79a1eb5d3b368b6840af29c38c36bf3291d07573ddcdf59110523_15642fdc63c995273854aaaf9275618f94d9b00bb1ec7257acdd787b11369167.json: JSON inv치lido."}
{"level":"error","message":"Erro ao processar block_03dca175856ff79a1eb5d3b368b6840af29c38c36bf3291d07573ddcdf59110523_15642fdc63c995273854aaaf9275618f94d9b00bb1ec7257acdd787b11369167.json: JSON inv치lido."}
{"level":"error","message":"Erro ao processar block_03dca175856ff79a1eb5d3b368b6840af29c38c36bf3291d07573ddcdf59110523_15642fdc63c995273854aaaf9275618f94d9b00bb1ec7257acdd787b11369167.json: JSON inv치lido."}
{"level":"info","message":"Bloco com filePath salvo com sucesso!"}
{"app":"mariabonita.com.br","content":{"about":"Sou Dev JS","name":"LulaLadrao","picture":"https://i.etsystatic.com/39063034/r/il/89f3fe/5287734117/il_570xN.5287734117_5dus.jpg"},"created_at":1744084678,"id":"abb729c7e8c32454b319120d042db2cf553bf736e80723173b4cebeb3610f16f","level":"info","message":"游닉 Broadcast para todos os clientes:","mode":"profile","pubkey":"03e72389bb02b797f3ffe9ecbd714c4318be4c281154db923a8b0bd179044ef8c7","query":[],"sig":"3045022000ba4e8036f253d18b28c395f52051e90d746cd21f776ba19feca07d1b970888022100d70341f76e50efb3523add88466ef7659ebc00ffa0560b99dd58ede8639adccb"}
{"level":"error","message":"Erro ao processar block_03dca175856ff79a1eb5d3b368b6840af29c38c36bf3291d07573ddcdf59110523_15642fdc63c995273854aaaf9275618f94d9b00bb1ec7257acdd787b11369167.json: JSON inv치lido."}
{"level":"error","message":"Erro ao processar block_03dca175856ff79a1eb5d3b368b6840af29c38c36bf3291d07573ddcdf59110523_15642fdc63c995273854aaaf9275618f94d9b00bb1ec7257acdd787b11369167.json: JSON inv치lido."}
{"level":"error","message":"Erro ao processar block_03dca175856ff79a1eb5d3b368b6840af29c38c36bf3291d07573ddcdf59110523_15642fdc63c995273854aaaf9275618f94d9b00bb1ec7257acdd787b11369167.json: JSON inv치lido."}
{"level":"error","message":"Erro ao processar block_03dca175856ff79a1eb5d3b368b6840af29c38c36bf3291d07573ddcdf59110523_15642fdc63c995273854aaaf9275618f94d9b00bb1ec7257acdd787b11369167.json: JSON inv치lido."}
{"level":"error","message":"Erro ao processar block_03dca175856ff79a1eb5d3b368b6840af29c38c36bf3291d07573ddcdf59110523_15642fdc63c995273854aaaf9275618f94d9b00bb1ec7257acdd787b11369167.json: JSON inv치lido."}
{"level":"error","message":"Erro ao processar block_03dca175856ff79a1eb5d3b368b6840af29c38c36bf3291d07573ddcdf59110523_15642fdc63c995273854aaaf9275618f94d9b00bb1ec7257acdd787b11369167.json: JSON inv치lido."}
{"level":"error","message":"Erro ao processar block_03dca175856ff79a1eb5d3b368b6840af29c38c36bf3291d07573ddcdf59110523_15642fdc63c995273854aaaf9275618f94d9b00bb1ec7257acdd787b11369167.json: JSON inv치lido."}
{"level":"info","message":{"connections":2,"cpu":[0,0,0],"memory":{"heapTotal":19378176,"heapUsed":17927752,"rss":75415552},"type":"metrics"}}
{"level":"info","message":"Bloco com filePath salvo com sucesso!"}
{"app":"mariabonita.com.br","content":{"about":"Sou Dev JS","name":"LulaLadrao","picture":"https://i.etsystatic.com/39063034/r/il/89f3fe/5287734117/il_570xN.5287734117_5dus.jpg"},"created_at":1744084755,"id":"ad0053ebf5970042c06d0887d6aa07453a0f1476e942f934b40bab5951373007","level":"info","message":"游닉 Broadcast para todos os clientes:","mode":"profile","pubkey":"03dca175856ff79a1eb5d3b368b6840af29c38c36bf3291d07573ddcdf59110523","query":[],"sig":"3044022075a307420e0f21059a384cf1ccecaf6f46c3af5ff605b92e911d16b1a9d1f01d022030fa1cc12461770efcc8db9e3eaeda8c2bb41d0d9c829ec3c73883808f5ffb9b"}
{"level":"error","message":"Erro ao processar block_03dca175856ff79a1eb5d3b368b6840af29c38c36bf3291d07573ddcdf59110523_15642fdc63c995273854aaaf9275618f94d9b00bb1ec7257acdd787b11369167.json: JSON inv치lido."}
{"level":"error","message":"Erro ao processar block_03dca175856ff79a1eb5d3b368b6840af29c38c36bf3291d07573ddcdf59110523_15642fdc63c995273854aaaf9275618f94d9b00bb1ec7257acdd787b11369167.json: JSON inv치lido."}
{"level":"error","message":"Erro ao processar block_03dca175856ff79a1eb5d3b368b6840af29c38c36bf3291d07573ddcdf59110523_15642fdc63c995273854aaaf9275618f94d9b00bb1ec7257acdd787b11369167.json: JSON inv치lido."}
{"level":"error","message":"Erro ao processar block_03dca175856ff79a1eb5d3b368b6840af29c38c36bf3291d07573ddcdf59110523_15642fdc63c995273854aaaf9275618f94d9b00bb1ec7257acdd787b11369167.json: JSON inv치lido."}
{"level":"error","message":"Erro ao processar block_03dca175856ff79a1eb5d3b368b6840af29c38c36bf3291d07573ddcdf59110523_15642fdc63c995273854aaaf9275618f94d9b00bb1ec7257acdd787b11369167.json: JSON inv치lido."}
{"level":"error","message":"Erro ao processar block_03dca175856ff79a1eb5d3b368b6840af29c38c36bf3291d07573ddcdf59110523_15642fdc63c995273854aaaf9275618f94d9b00bb1ec7257acdd787b11369167.json: JSON inv치lido."}
{"level":"error","message":"Erro ao processar block_03dca175856ff79a1eb5d3b368b6840af29c38c36bf3291d07573ddcdf59110523_15642fdc63c995273854aaaf9275618f94d9b00bb1ec7257acdd787b11369167.json: JSON inv치lido."}
{"level":"info","message":{"connections":2,"cpu":[0,0,0],"memory":{"heapTotal":19378176,"heapUsed":17496792,"rss":76308480},"type":"metrics"}}
{"level":"info","message":{"connections":2,"cpu":[0,0,0],"memory":{"heapTotal":19378176,"heapUsed":17507864,"rss":76341248},"type":"metrics"}}
{"level":"info","message":{"connections":2,"cpu":[0,0,0],"memory":{"heapTotal":19378176,"heapUsed":17518152,"rss":76341248},"type":"metrics"}}
{"level":"info","message":{"connections":2,"cpu":[0,0,0],"memory":{"heapTotal":19378176,"heapUsed":17528344,"rss":76341248},"type":"metrics"}}
{"level":"info","message":{"connections":1,"cpu":[0,0,0],"memory":{"heapTotal":19378176,"heapUsed":17557352,"rss":76345344},"type":"metrics"}}
{"level":"info","message":{"connections":1,"cpu":[0,0,0],"memory":{"heapTotal":19378176,"heapUsed":17567568,"rss":76345344},"type":"metrics"}}
{"level":"info","message":{"connections":1,"cpu":[0,0,0],"memory":{"heapTotal":19378176,"heapUsed":17577808,"rss":76345344},"type":"metrics"}}
{"level":"info","message":{"connections":1,"cpu":[0,0,0],"memory":{"heapTotal":19378176,"heapUsed":17588048,"rss":76345344},"type":"metrics"}}
{"level":"info","message":{"connections":1,"cpu":[0,0,0],"memory":{"heapTotal":19378176,"heapUsed":17598288,"rss":76345344},"type":"metrics"}}
{"level":"info","message":{"connections":1,"cpu":[0,0,0],"memory":{"heapTotal":19378176,"heapUsed":17608528,"rss":76345344},"type":"metrics"}}
{"level":"info","message":{"connections":0,"cpu":[0,0,0],"memory":{"heapTotal":19378176,"heapUsed":17633928,"rss":76345344},"type":"metrics"}}
{"level":"error","message":"Erro ao processar block_03dca175856ff79a1eb5d3b368b6840af29c38c36bf3291d07573ddcdf59110523_15642fdc63c995273854aaaf9275618f94d9b00bb1ec7257acdd787b11369167.json: JSON inv치lido."}
{"level":"error","message":"Erro ao processar block_03dca175856ff79a1eb5d3b368b6840af29c38c36bf3291d07573ddcdf59110523_15642fdc63c995273854aaaf9275618f94d9b00bb1ec7257acdd787b11369167.json: JSON inv치lido."}
{"level":"error","message":"Erro ao processar block_03dca175856ff79a1eb5d3b368b6840af29c38c36bf3291d07573ddcdf59110523_15642fdc63c995273854aaaf9275618f94d9b00bb1ec7257acdd787b11369167.json: JSON inv치lido."}
{"level":"error","message":"Erro ao processar block_03dca175856ff79a1eb5d3b368b6840af29c38c36bf3291d07573ddcdf59110523_15642fdc63c995273854aaaf9275618f94d9b00bb1ec7257acdd787b11369167.json: JSON inv치lido."}
{"level":"error","message":"Erro ao processar block_03dca175856ff79a1eb5d3b368b6840af29c38c36bf3291d07573ddcdf59110523_15642fdc63c995273854aaaf9275618f94d9b00bb1ec7257acdd787b11369167.json: JSON inv치lido."}
{"level":"error","message":"Erro ao processar block_03dca175856ff79a1eb5d3b368b6840af29c38c36bf3291d07573ddcdf59110523_15642fdc63c995273854aaaf9275618f94d9b00bb1ec7257acdd787b11369167.json: JSON inv치lido."}
{"level":"error","message":"Erro ao processar block_03dca175856ff79a1eb5d3b368b6840af29c38c36bf3291d07573ddcdf59110523_15642fdc63c995273854aaaf9275618f94d9b00bb1ec7257acdd787b11369167.json: JSON inv치lido."}
{"level":"error","message":"Erro ao processar block_03dca175856ff79a1eb5d3b368b6840af29c38c36bf3291d07573ddcdf59110523_15642fdc63c995273854aaaf9275618f94d9b00bb1ec7257acdd787b11369167.json: JSON inv치lido."}
{"level":"error","message":"Erro ao processar block_03dca175856ff79a1eb5d3b368b6840af29c38c36bf3291d07573ddcdf59110523_15642fdc63c995273854aaaf9275618f94d9b00bb1ec7257acdd787b11369167.json: JSON inv치lido."}
{"level":"error","message":"Erro ao processar block_03dca175856ff79a1eb5d3b368b6840af29c38c36bf3291d07573ddcdf59110523_15642fdc63c995273854aaaf9275618f94d9b00bb1ec7257acdd787b11369167.json: JSON inv치lido."}
{"level":"error","message":"Erro ao processar block_03dca175856ff79a1eb5d3b368b6840af29c38c36bf3291d07573ddcdf59110523_15642fdc63c995273854aaaf9275618f94d9b00bb1ec7257acdd787b11369167.json: JSON inv치lido."}
{"level":"error","message":"Erro ao processar block_03dca175856ff79a1eb5d3b368b6840af29c38c36bf3291d07573ddcdf59110523_15642fdc63c995273854aaaf9275618f94d9b00bb1ec7257acdd787b11369167.json: JSON inv치lido."}
{"level":"error","message":"Erro ao processar block_03dca175856ff79a1eb5d3b368b6840af29c38c36bf3291d07573ddcdf59110523_15642fdc63c995273854aaaf9275618f94d9b00bb1ec7257acdd787b11369167.json: JSON inv치lido."}
{"level":"error","message":"Erro ao processar block_03dca175856ff79a1eb5d3b368b6840af29c38c36bf3291d07573ddcdf59110523_15642fdc63c995273854aaaf9275618f94d9b00bb1ec7257acdd787b11369167.json: JSON inv치lido."}
{"level":"info","message":{"connections":0,"cpu":[0,0,0],"memory":{"heapTotal":19378176,"heapUsed":17258160,"rss":77721600},"type":"metrics"}}
{"level":"error","message":"Erro ao processar block_03dca175856ff79a1eb5d3b368b6840af29c38c36bf3291d07573ddcdf59110523_15642fdc63c995273854aaaf9275618f94d9b00bb1ec7257acdd787b11369167.json: JSON inv치lido."}
{"level":"error","message":"Erro ao processar block_03dca175856ff79a1eb5d3b368b6840af29c38c36bf3291d07573ddcdf59110523_15642fdc63c995273854aaaf9275618f94d9b00bb1ec7257acdd787b11369167.json: JSON inv치lido."}
{"level":"error","message":"Erro ao processar block_03dca175856ff79a1eb5d3b368b6840af29c38c36bf3291d07573ddcdf59110523_15642fdc63c995273854aaaf9275618f94d9b00bb1ec7257acdd787b11369167.json: JSON inv치lido."}
{"level":"error","message":"Erro ao processar block_03dca175856ff79a1eb5d3b368b6840af29c38c36bf3291d07573ddcdf59110523_15642fdc63c995273854aaaf9275618f94d9b00bb1ec7257acdd787b11369167.json: JSON inv치lido."}
{"level":"error","message":"Erro ao processar block_03dca175856ff79a1eb5d3b368b6840af29c38c36bf3291d07573ddcdf59110523_15642fdc63c995273854aaaf9275618f94d9b00bb1ec7257acdd787b11369167.json: JSON inv치lido."}
{"level":"error","message":"Erro ao processar block_03dca175856ff79a1eb5d3b368b6840af29c38c36bf3291d07573ddcdf59110523_15642fdc63c995273854aaaf9275618f94d9b00bb1ec7257acdd787b11369167.json: JSON inv치lido."}
{"level":"error","message":"Erro ao processar block_03dca175856ff79a1eb5d3b368b6840af29c38c36bf3291d07573ddcdf59110523_15642fdc63c995273854aaaf9275618f94d9b00bb1ec7257acdd787b11369167.json: JSON inv치lido."}
{"level":"info","message":{"connections":1,"cpu":[0,0,0],"memory":{"heapTotal":19378176,"heapUsed":17556112,"rss":78176256},"type":"metrics"}}
{"level":"info","message":{"connections":1,"cpu":[0,0,0],"memory":{"heapTotal":19378176,"heapUsed":17566352,"rss":78176256},"type":"metrics"}}
{"level":"info","message":{"connections":1,"cpu":[0,0,0],"memory":{"heapTotal":19378176,"heapUsed":17576544,"rss":78176256},"type":"metrics"}}
{"level":"info","message":{"connections":1,"cpu":[0,0,0],"memory":{"heapTotal":19378176,"heapUsed":17586736,"rss":78176256},"type":"metrics"}}
{"level":"info","message":{"connections":1,"cpu":[0,0,0],"memory":{"heapTotal":19378176,"heapUsed":17596928,"rss":78176256},"type":"metrics"}}
{"level":"info","message":{"connections":1,"cpu":[0,0,0],"memory":{"heapTotal":19378176,"heapUsed":17607120,"rss":78176256},"type":"metrics"}}
{"level":"info","message":{"connections":1,"cpu":[0,0,0],"memory":{"heapTotal":19378176,"heapUsed":17617312,"rss":78176256},"type":"metrics"}}
{"level":"info","message":{"connections":1,"cpu":[0,0,0],"memory":{"heapTotal":19378176,"heapUsed":17627504,"rss":78176256},"type":"metrics"}}
{"level":"info","message":{"connections":1,"cpu":[0,0,0],"memory":{"heapTotal":19378176,"heapUsed":17637696,"rss":78176256},"type":"metrics"}}
{"level":"info","message":{"connections":1,"cpu":[0,0,0],"memory":{"heapTotal":19378176,"heapUsed":17647888,"rss":78176256},"type":"metrics"}}
{"level":"info","message":{"connections":0,"cpu":[0,0,0],"memory":{"heapTotal":19378176,"heapUsed":17673560,"rss":78176256},"type":"metrics"}}
{"level":"info","message":{"connections":0,"cpu":[0,0,0],"memory":{"heapTotal":19378176,"heapUsed":17683752,"rss":78176256},"type":"metrics"}}
{"level":"error","message":"Erro ao processar block_03dca175856ff79a1eb5d3b368b6840af29c38c36bf3291d07573ddcdf59110523_15642fdc63c995273854aaaf9275618f94d9b00bb1ec7257acdd787b11369167.json: JSON inv치lido."}
{"level":"error","message":"Erro ao processar block_03dca175856ff79a1eb5d3b368b6840af29c38c36bf3291d07573ddcdf59110523_15642fdc63c995273854aaaf9275618f94d9b00bb1ec7257acdd787b11369167.json: JSON inv치lido."}
{"level":"error","message":"Erro ao processar block_03dca175856ff79a1eb5d3b368b6840af29c38c36bf3291d07573ddcdf59110523_15642fdc63c995273854aaaf9275618f94d9b00bb1ec7257acdd787b11369167.json: JSON inv치lido."}
{"level":"error","message":"Erro ao processar block_03dca175856ff79a1eb5d3b368b6840af29c38c36bf3291d07573ddcdf59110523_15642fdc63c995273854aaaf9275618f94d9b00bb1ec7257acdd787b11369167.json: JSON inv치lido."}
{"level":"error","message":"Erro ao processar block_03dca175856ff79a1eb5d3b368b6840af29c38c36bf3291d07573ddcdf59110523_15642fdc63c995273854aaaf9275618f94d9b00bb1ec7257acdd787b11369167.json: JSON inv치lido."}
{"level":"error","message":"Erro ao processar block_03dca175856ff79a1eb5d3b368b6840af29c38c36bf3291d07573ddcdf59110523_15642fdc63c995273854aaaf9275618f94d9b00bb1ec7257acdd787b11369167.json: JSON inv치lido."}
{"level":"error","message":"Erro ao processar block_03dca175856ff79a1eb5d3b368b6840af29c38c36bf3291d07573ddcdf59110523_15642fdc63c995273854aaaf9275618f94d9b00bb1ec7257acdd787b11369167.json: JSON inv치lido."}
{"level":"error","message":"Erro ao processar block_03dca175856ff79a1eb5d3b368b6840af29c38c36bf3291d07573ddcdf59110523_15642fdc63c995273854aaaf9275618f94d9b00bb1ec7257acdd787b11369167.json: JSON inv치lido."}
{"level":"error","message":"Erro ao processar block_03dca175856ff79a1eb5d3b368b6840af29c38c36bf3291d07573ddcdf59110523_15642fdc63c995273854aaaf9275618f94d9b00bb1ec7257acdd787b11369167.json: JSON inv치lido."}
{"level":"error","message":"Erro ao processar block_03dca175856ff79a1eb5d3b368b6840af29c38c36bf3291d07573ddcdf59110523_15642fdc63c995273854aaaf9275618f94d9b00bb1ec7257acdd787b11369167.json: JSON inv치lido."}
{"level":"error","message":"Erro ao processar block_03dca175856ff79a1eb5d3b368b6840af29c38c36bf3291d07573ddcdf59110523_15642fdc63c995273854aaaf9275618f94d9b00bb1ec7257acdd787b11369167.json: JSON inv치lido."}
{"level":"error","message":"Erro ao processar block_03dca175856ff79a1eb5d3b368b6840af29c38c36bf3291d07573ddcdf59110523_15642fdc63c995273854aaaf9275618f94d9b00bb1ec7257acdd787b11369167.json: JSON inv치lido."}
{"level":"error","message":"Erro ao processar block_03dca175856ff79a1eb5d3b368b6840af29c38c36bf3291d07573ddcdf59110523_15642fdc63c995273854aaaf9275618f94d9b00bb1ec7257acdd787b11369167.json: JSON inv치lido."}
{"level":"error","message":"Erro ao processar block_03dca175856ff79a1eb5d3b368b6840af29c38c36bf3291d07573ddcdf59110523_15642fdc63c995273854aaaf9275618f94d9b00bb1ec7257acdd787b11369167.json: JSON inv치lido."}
{"level":"info","message":{"connections":1,"cpu":[0,0,0],"memory":{"heapTotal":20426752,"heapUsed":18086328,"rss":79855616},"type":"metrics"}}
{"level":"info","message":"九 Bloco ad0053ebf5970042c06d0887d6aa07453a0f1476e942f934b40bab5951373007 marcado como deletado."}
{"app":"mariabonita.com.br","blockId":"ad0053ebf5970042c06d0887d6aa07453a0f1476e942f934b40bab5951373007","content":"Bloco Deletado","created_at":1744086230,"id":"4b54051be44d31d665c79a690a2ae9ad3831734f344feb37c5033cafcd0675c7","level":"info","message":"游닉 Broadcast para todos os clientes:","mode":"delete","pubkey":"03dca175856ff79a1eb5d3b368b6840af29c38c36bf3291d07573ddcdf59110523","sig":"304402202b11b9f7d83ede6a52b20abf1df41dd462097f23fe028d0e8b51acca6f8440e402203aabec039e5abdd57f316034be53424d098da689d5aa33cfdee4dfe5a781a096"}
{"level":"info","message":"九 Bloco ad0053ebf5970042c06d0887d6aa07453a0f1476e942f934b40bab5951373007 marcado como deletado."}
{"app":"mariabonita.com.br","blockId":"ad0053ebf5970042c06d0887d6aa07453a0f1476e942f934b40bab5951373007","content":"Bloco Deletado","created_at":1744086240,"id":"1f41f41c35b3aa0362dfd5acb8aec1b8155494bec5707803d81bdf2d9f0f670c","level":"info","message":"游닉 Broadcast para todos os clientes:","mode":"delete","pubkey":"03dca175856ff79a1eb5d3b368b6840af29c38c36bf3291d07573ddcdf59110523","sig":"3045022009e5bedabdb7f004cb701b1aa8dffc2007f831552e3797f477fc7f6b70cfd83d022100abd2eecf736b96931ef4bd30d7c1cee975eb0d151d8170a6de5cf7cda801cb77"}
{"level":"error","message":"Erro ao processar block_03dca175856ff79a1eb5d3b368b6840af29c38c36bf3291d07573ddcdf59110523_15642fdc63c995273854aaaf9275618f94d9b00bb1ec7257acdd787b11369167.json: JSON inv치lido."}
{"level":"error","message":"Erro ao processar block_03dca175856ff79a1eb5d3b368b6840af29c38c36bf3291d07573ddcdf59110523_15642fdc63c995273854aaaf9275618f94d9b00bb1ec7257acdd787b11369167.json: JSON inv치lido."}
{"level":"error","message":"Erro ao processar block_03dca175856ff79a1eb5d3b368b6840af29c38c36bf3291d07573ddcdf59110523_15642fdc63c995273854aaaf9275618f94d9b00bb1ec7257acdd787b11369167.json: JSON inv치lido."}
{"level":"error","message":"Erro ao processar block_03dca175856ff79a1eb5d3b368b6840af29c38c36bf3291d07573ddcdf59110523_15642fdc63c995273854aaaf9275618f94d9b00bb1ec7257acdd787b11369167.json: JSON inv치lido."}
{"level":"error","message":"Erro ao processar block_03dca175856ff79a1eb5d3b368b6840af29c38c36bf3291d07573ddcdf59110523_15642fdc63c995273854aaaf9275618f94d9b00bb1ec7257acdd787b11369167.json: JSON inv치lido."}
{"level":"error","message":"Erro ao processar block_03dca175856ff79a1eb5d3b368b6840af29c38c36bf3291d07573ddcdf59110523_15642fdc63c995273854aaaf9275618f94d9b00bb1ec7257acdd787b11369167.json: JSON inv치lido."}
{"level":"error","message":"Erro ao processar block_03dca175856ff79a1eb5d3b368b6840af29c38c36bf3291d07573ddcdf59110523_15642fdc63c995273854aaaf9275618f94d9b00bb1ec7257acdd787b11369167.json: JSON inv치lido."}
{"level":"info","message":"九 Bloco ad0053ebf5970042c06d0887d6aa07453a0f1476e942f934b40bab5951373007 marcado como deletado."}
{"app":"mariabonita.com.br","blockId":"ad0053ebf5970042c06d0887d6aa07453a0f1476e942f934b40bab5951373007","content":"Bloco Deletado","created_at":1744086243,"id":"62a2861f2dbbe5af47316d2f4c69fe7c643349b5913b29a389ef340b4d3e0666","level":"info","message":"游닉 Broadcast para todos os clientes:","mode":"delete","pubkey":"03dca175856ff79a1eb5d3b368b6840af29c38c36bf3291d07573ddcdf59110523","sig":"304502201e760912ec01b693627c8aa68c7186c7a16dca61917e7ec76f08a5586d872ad4022100aab235a42d8514f5c6c832fa3f1bd52b691467fe6356f836da1e06317c5687bc"}
{"level":"error","message":"Erro ao processar block_03dca175856ff79a1eb5d3b368b6840af29c38c36bf3291d07573ddcdf59110523_15642fdc63c995273854aaaf9275618f94d9b00bb1ec7257acdd787b11369167.json: JSON inv치lido."}
{"level":"error","message":"Erro ao processar block_03dca175856ff79a1eb5d3b368b6840af29c38c36bf3291d07573ddcdf59110523_15642fdc63c995273854aaaf9275618f94d9b00bb1ec7257acdd787b11369167.json: JSON inv치lido."}
{"level":"error","message":"Erro ao processar block_03dca175856ff79a1eb5d3b368b6840af29c38c36bf3291d07573ddcdf59110523_15642fdc63c995273854aaaf9275618f94d9b00bb1ec7257acdd787b11369167.json: JSON inv치lido."}
{"level":"error","message":"Erro ao processar block_03dca175856ff79a1eb5d3b368b6840af29c38c36bf3291d07573ddcdf59110523_15642fdc63c995273854aaaf9275618f94d9b00bb1ec7257acdd787b11369167.json: JSON inv치lido."}
{"level":"error","message":"Erro ao processar block_03dca175856ff79a1eb5d3b368b6840af29c38c36bf3291d07573ddcdf59110523_15642fdc63c995273854aaaf9275618f94d9b00bb1ec7257acdd787b11369167.json: JSON inv치lido."}
{"level":"error","message":"Erro ao processar block_03dca175856ff79a1eb5d3b368b6840af29c38c36bf3291d07573ddcdf59110523_15642fdc63c995273854aaaf9275618f94d9b00bb1ec7257acdd787b11369167.json: JSON inv치lido."}
{"level":"error","message":"Erro ao processar block_03dca175856ff79a1eb5d3b368b6840af29c38c36bf3291d07573ddcdf59110523_15642fdc63c995273854aaaf9275618f94d9b00bb1ec7257acdd787b11369167.json: JSON inv치lido."}
{"level":"warn","message":"仇 Bloco alvo (abb729c7e8c32454b319120d042db2cf553bf736e80723173b4cebeb3610f16f) n칚o encontrado."}
{"app":"mariabonita.com.br","blockId":"abb729c7e8c32454b319120d042db2cf553bf736e80723173b4cebeb3610f16f","content":"Bloco Deletado","created_at":1744086259,"id":"237df674c0e65e3aa58aafa14645f4e56d8b7d8e84812d227c6247f7ec1da3ae","level":"info","message":"游닉 Broadcast para todos os clientes:","mode":"delete","pubkey":"03dca175856ff79a1eb5d3b368b6840af29c38c36bf3291d07573ddcdf59110523","sig":"30450221009dc52d380da148d4fde9a097a677d5e2c46535a0dbe6205d48badd23848f711a02200b7d2a70e088a3906aab24831c5ed88b781fdb3c0419599655aa7dd13bd197eb"}
{"level":"error","message":"Erro ao processar block_03dca175856ff79a1eb5d3b368b6840af29c38c36bf3291d07573ddcdf59110523_15642fdc63c995273854aaaf9275618f94d9b00bb1ec7257acdd787b11369167.json: JSON inv치lido."}
{"level":"error","message":"Erro ao processar block_03dca175856ff79a1eb5d3b368b6840af29c38c36bf3291d07573ddcdf59110523_15642fdc63c995273854aaaf9275618f94d9b00bb1ec7257acdd787b11369167.json: JSON inv치lido."}
{"level":"error","message":"Erro ao processar block_03dca175856ff79a1eb5d3b368b6840af29c38c36bf3291d07573ddcdf59110523_15642fdc63c995273854aaaf9275618f94d9b00bb1ec7257acdd787b11369167.json: JSON inv치lido."}
{"level":"error","message":"Erro ao processar block_03dca175856ff79a1eb5d3b368b6840af29c38c36bf3291d07573ddcdf59110523_15642fdc63c995273854aaaf9275618f94d9b00bb1ec7257acdd787b11369167.json: JSON inv치lido."}
{"level":"error","message":"Erro ao processar block_03dca175856ff79a1eb5d3b368b6840af29c38c36bf3291d07573ddcdf59110523_15642fdc63c995273854aaaf9275618f94d9b00bb1ec7257acdd787b11369167.json: JSON inv치lido."}
{"level":"error","message":"Erro ao processar block_03dca175856ff79a1eb5d3b368b6840af29c38c36bf3291d07573ddcdf59110523_15642fdc63c995273854aaaf9275618f94d9b00bb1ec7257acdd787b11369167.json: JSON inv치lido."}
{"level":"error","message":"Erro ao processar block_03dca175856ff79a1eb5d3b368b6840af29c38c36bf3291d07573ddcdf59110523_15642fdc63c995273854aaaf9275618f94d9b00bb1ec7257acdd787b11369167.json: JSON inv치lido."}
{"level":"info","message":{"connections":1,"cpu":[0,0,0],"memory":{"heapTotal":19378176,"heapUsed":17472464,"rss":81838080},"type":"metrics"}}
{"level":"info","message":"Bloco com filePath salvo com sucesso!"}
{"app":"mariabonita.com.br","content":"Rei do Canga칞o","created_at":1744086286,"id":"6a871b394e1936589b72e3338a9147896c1ca8c6ad8e93e9e665d733d5dc2711","level":"info","message":"游닉 Broadcast para todos os clientes:","mode":"post","pubkey":"03dca175856ff79a1eb5d3b368b6840af29c38c36bf3291d07573ddcdf59110523","query":[["username","lanpi칚o.dev2"],["site","mariabonita.com.br"]],"sig":"3045022048d14e835d12acdd7cd4de2c53894c4a2da818a96a16b01d5ccfee5e67322cb3022100bfa627068b11c9bdfad815b407fffa699ad130bceb0a60b40a33cf9328a88850"}
{"level":"error","message":"Erro ao processar block_03dca175856ff79a1eb5d3b368b6840af29c38c36bf3291d07573ddcdf59110523_15642fdc63c995273854aaaf9275618f94d9b00bb1ec7257acdd787b11369167.json: JSON inv치lido."}
{"level":"error","message":"Erro ao processar block_03dca175856ff79a1eb5d3b368b6840af29c38c36bf3291d07573ddcdf59110523_15642fdc63c995273854aaaf9275618f94d9b00bb1ec7257acdd787b11369167.json: JSON inv치lido."}
{"level":"error","message":"Erro ao processar block_03dca175856ff79a1eb5d3b368b6840af29c38c36bf3291d07573ddcdf59110523_15642fdc63c995273854aaaf9275618f94d9b00bb1ec7257acdd787b11369167.json: JSON inv치lido."}
{"level":"error","message":"Erro ao processar block_03dca175856ff79a1eb5d3b368b6840af29c38c36bf3291d07573ddcdf59110523_15642fdc63c995273854aaaf9275618f94d9b00bb1ec7257acdd787b11369167.json: JSON inv치lido."}
{"level":"error","message":"Erro ao processar block_03dca175856ff79a1eb5d3b368b6840af29c38c36bf3291d07573ddcdf59110523_15642fdc63c995273854aaaf9275618f94d9b00bb1ec7257acdd787b11369167.json: JSON inv치lido."}
{"level":"error","message":"Erro ao processar block_03dca175856ff79a1eb5d3b368b6840af29c38c36bf3291d07573ddcdf59110523_15642fdc63c995273854aaaf9275618f94d9b00bb1ec7257acdd787b11369167.json: JSON inv치lido."}
{"level":"error","message":"Erro ao processar block_03dca175856ff79a1eb5d3b368b6840af29c38c36bf3291d07573ddcdf59110523_15642fdc63c995273854aaaf9275618f94d9b00bb1ec7257acdd787b11369167.json: JSON inv치lido."}
{"level":"warn","message":"仇 Bloco alvo (03dca175856ff79a1eb5d3b368b6840af29c38c36bf3291d07573ddcdf59110523) n칚o encontrado."}
{"app":"mariabonita.com.br","blockId":"03dca175856ff79a1eb5d3b368b6840af29c38c36bf3291d07573ddcdf59110523","content":"Bloco Deletado","created_at":1744086320,"id":"3fe7620f96c01bdabbe7484aacb45374816bf9a1195decc328e90d024d7a20bb","level":"info","message":"游닉 Broadcast para todos os clientes:","mode":"delete","pubkey":"03dca175856ff79a1eb5d3b368b6840af29c38c36bf3291d07573ddcdf59110523","sig":"3045022100c44044c8f5824b47ec1f1dea127093c5cd29eb174d78aa96b06eaadbaefef13d02205fab77a2fe3aa8cf1e5d425a9d28a4009916728c850a4d11a6aa206edade4a93"}
{"level":"error","message":"Erro ao processar block_03dca175856ff79a1eb5d3b368b6840af29c38c36bf3291d07573ddcdf59110523_15642fdc63c995273854aaaf9275618f94d9b00bb1ec7257acdd787b11369167.json: JSON inv치lido."}
{"level":"error","message":"Erro ao processar block_03dca175856ff79a1eb5d3b368b6840af29c38c36bf3291d07573ddcdf59110523_15642fdc63c995273854aaaf9275618f94d9b00bb1ec7257acdd787b11369167.json: JSON inv치lido."}
{"level":"error","message":"Erro ao processar block_03dca175856ff79a1eb5d3b368b6840af29c38c36bf3291d07573ddcdf59110523_15642fdc63c995273854aaaf9275618f94d9b00bb1ec7257acdd787b11369167.json: JSON inv치lido."}
{"level":"error","message":"Erro ao processar block_03dca175856ff79a1eb5d3b368b6840af29c38c36bf3291d07573ddcdf59110523_15642fdc63c995273854aaaf9275618f94d9b00bb1ec7257acdd787b11369167.json: JSON inv치lido."}
{"level":"error","message":"Erro ao processar block_03dca175856ff79a1eb5d3b368b6840af29c38c36bf3291d07573ddcdf59110523_15642fdc63c995273854aaaf9275618f94d9b00bb1ec7257acdd787b11369167.json: JSON inv치lido."}
{"level":"error","message":"Erro ao processar block_03dca175856ff79a1eb5d3b368b6840af29c38c36bf3291d07573ddcdf59110523_15642fdc63c995273854aaaf9275618f94d9b00bb1ec7257acdd787b11369167.json: JSON inv치lido."}
{"level":"error","message":"Erro ao processar block_03dca175856ff79a1eb5d3b368b6840af29c38c36bf3291d07573ddcdf59110523_15642fdc63c995273854aaaf9275618f94d9b00bb1ec7257acdd787b11369167.json: JSON inv치lido."}
{"level":"info","message":{"connections":1,"cpu":[0,0,0],"memory":{"heapTotal":19640320,"heapUsed":18283232,"rss":83308544},"type":"metrics"}}
{"level":"info","message":"九 Bloco 6a871b394e1936589b72e3338a9147896c1ca8c6ad8e93e9e665d733d5dc2711 marcado como deletado."}
{"app":"mariabonita.com.br","blockId":"6a871b394e1936589b72e3338a9147896c1ca8c6ad8e93e9e665d733d5dc2711","content":"Bloco Deletado","created_at":1744086349,"id":"506dc44d7a55077d8ba1df075a7c71ae3b224316af3e1929fd2f36bdda4326d9","level":"info","message":"游닉 Broadcast para todos os clientes:","mode":"delete","pubkey":"03dca175856ff79a1eb5d3b368b6840af29c38c36bf3291d07573ddcdf59110523","sig":"3046022100b0cf478406e6ba00f55504bdf4da3ced4503e39b54271ceeac236e16b5e5053902210083263019da47464830c9fc07e70fa1ff4cc5fff7f683310476abee20a945e4aa"}
{"level":"error","message":"Erro ao processar block_03dca175856ff79a1eb5d3b368b6840af29c38c36bf3291d07573ddcdf59110523_15642fdc63c995273854aaaf9275618f94d9b00bb1ec7257acdd787b11369167.json: JSON inv치lido."}
{"level":"error","message":"Erro ao processar block_03dca175856ff79a1eb5d3b368b6840af29c38c36bf3291d07573ddcdf59110523_15642fdc63c995273854aaaf9275618f94d9b00bb1ec7257acdd787b11369167.json: JSON inv치lido."}
{"level":"error","message":"Erro ao processar block_03dca175856ff79a1eb5d3b368b6840af29c38c36bf3291d07573ddcdf59110523_15642fdc63c995273854aaaf9275618f94d9b00bb1ec7257acdd787b11369167.json: JSON inv치lido."}
{"level":"error","message":"Erro ao processar block_03dca175856ff79a1eb5d3b368b6840af29c38c36bf3291d07573ddcdf59110523_15642fdc63c995273854aaaf9275618f94d9b00bb1ec7257acdd787b11369167.json: JSON inv치lido."}
{"level":"error","message":"Erro ao processar block_03dca175856ff79a1eb5d3b368b6840af29c38c36bf3291d07573ddcdf59110523_15642fdc63c995273854aaaf9275618f94d9b00bb1ec7257acdd787b11369167.json: JSON inv치lido."}
{"level":"error","message":"Erro ao processar block_03dca175856ff79a1eb5d3b368b6840af29c38c36bf3291d07573ddcdf59110523_15642fdc63c995273854aaaf9275618f94d9b00bb1ec7257acdd787b11369167.json: JSON inv치lido."}
{"level":"error","message":"Erro ao processar block_03dca175856ff79a1eb5d3b368b6840af29c38c36bf3291d07573ddcdf59110523_15642fdc63c995273854aaaf9275618f94d9b00bb1ec7257acdd787b11369167.json: JSON inv치lido."}
{"level":"info","message":{"connections":1,"cpu":[0,0,0],"memory":{"heapTotal":20688896,"heapUsed":18313648,"rss":84066304},"type":"metrics"}}
{"level":"info","message":{"connections":1,"cpu":[0,0,0],"memory":{"heapTotal":20688896,"heapUsed":18323888,"rss":84066304},"type":"metrics"}}
{"level":"info","message":{"connections":1,"cpu":[0,0,0],"memory":{"heapTotal":20688896,"heapUsed":18334104,"rss":84066304},"type":"metrics"}}
